[18-Mar-2021 17:22:51 UTC] PHP Notice:  wp_register_script was called <strong>incorrectly</strong>. Scripts and styles should not be registered or enqueued until the <code>wp_enqueue_scripts</code>, <code>admin_enqueue_scripts</code>, or <code>login_enqueue_scripts</code> hooks. Please see <a href="https://wordpress.org/support/article/debugging-in-wordpress/">Debugging in WordPress</a> for more information. (This message was added in version 3.3.0.) in C:\dev\psjumc\wp-includes\functions.php on line 4986
[18-Mar-2021 17:23:52 UTC] PHP Notice:  wp_register_script was called <strong>incorrectly</strong>. Scripts and styles should not be registered or enqueued until the <code>wp_enqueue_scripts</code>, <code>admin_enqueue_scripts</code>, or <code>login_enqueue_scripts</code> hooks. Please see <a href="https://wordpress.org/support/article/debugging-in-wordpress/">Debugging in WordPress</a> for more information. (This message was added in version 3.3.0.) in C:\dev\psjumc\wp-includes\functions.php on line 4986
[18-Mar-2021 17:24:53 UTC] PHP Notice:  wp_register_script was called <strong>incorrectly</strong>. Scripts and styles should not be registered or enqueued until the <code>wp_enqueue_scripts</code>, <code>admin_enqueue_scripts</code>, or <code>login_enqueue_scripts</code> hooks. Please see <a href="https://wordpress.org/support/article/debugging-in-wordpress/">Debugging in WordPress</a> for more information. (This message was added in version 3.3.0.) in C:\dev\psjumc\wp-includes\functions.php on line 4986
[18-Mar-2021 17:26:13 UTC] PHP Notice:  wp_register_script was called <strong>incorrectly</strong>. Scripts and styles should not be registered or enqueued until the <code>wp_enqueue_scripts</code>, <code>admin_enqueue_scripts</code>, or <code>login_enqueue_scripts</code> hooks. Please see <a href="https://wordpress.org/support/article/debugging-in-wordpress/">Debugging in WordPress</a> for more information. (This message was added in version 3.3.0.) in C:\dev\psjumc\wp-includes\functions.php on line 4986
[18-Mar-2021 17:27:13 UTC] PHP Notice:  wp_register_script was called <strong>incorrectly</strong>. Scripts and styles should not be registered or enqueued until the <code>wp_enqueue_scripts</code>, <code>admin_enqueue_scripts</code>, or <code>login_enqueue_scripts</code> hooks. Please see <a href="https://wordpress.org/support/article/debugging-in-wordpress/">Debugging in WordPress</a> for more information. (This message was added in version 3.3.0.) in C:\dev\psjumc\wp-includes\functions.php on line 4986
[18-Mar-2021 17:28:13 UTC] PHP Notice:  wp_register_script was called <strong>incorrectly</strong>. Scripts and styles should not be registered or enqueued until the <code>wp_enqueue_scripts</code>, <code>admin_enqueue_scripts</code>, or <code>login_enqueue_scripts</code> hooks. Please see <a href="https://wordpress.org/support/article/debugging-in-wordpress/">Debugging in WordPress</a> for more information. (This message was added in version 3.3.0.) in C:\dev\psjumc\wp-includes\functions.php on line 4986
[18-Mar-2021 17:29:03 UTC] PHP Notice:  Undefined variable: walkerAtts in C:\dev\psjumc\wp-content\themes\kma-slim\inc\modules\Navwalker\BulmaNavwalker.php on line 92
[18-Mar-2021 17:29:03 UTC] PHP Notice:  Trying to get property 'has_children' of non-object in C:\dev\psjumc\wp-content\themes\kma-slim\inc\modules\Navwalker\BulmaNavwalker.php on line 92
[18-Mar-2021 17:29:03 UTC] PHP Notice:  Undefined variable: walkerAtts in C:\dev\psjumc\wp-content\themes\kma-slim\inc\modules\Navwalker\BulmaNavwalker.php on line 92
[18-Mar-2021 17:29:03 UTC] PHP Notice:  Trying to get property 'has_children' of non-object in C:\dev\psjumc\wp-content\themes\kma-slim\inc\modules\Navwalker\BulmaNavwalker.php on line 92
[18-Mar-2021 17:29:03 UTC] PHP Notice:  Undefined variable: walkerAtts in C:\dev\psjumc\wp-content\themes\kma-slim\inc\modules\Navwalker\BulmaNavwalker.php on line 92
[18-Mar-2021 17:29:03 UTC] PHP Notice:  Trying to get property 'has_children' of non-object in C:\dev\psjumc\wp-content\themes\kma-slim\inc\modules\Navwalker\BulmaNavwalker.php on line 92
[18-Mar-2021 17:29:03 UTC] PHP Notice:  Undefined variable: walkerAtts in C:\dev\psjumc\wp-content\themes\kma-slim\inc\modules\Navwalker\BulmaNavwalker.php on line 92
[18-Mar-2021 17:29:03 UTC] PHP Notice:  Trying to get property 'has_children' of non-object in C:\dev\psjumc\wp-content\themes\kma-slim\inc\modules\Navwalker\BulmaNavwalker.php on line 92
[18-Mar-2021 17:29:03 UTC] PHP Notice:  Undefined variable: walkerAtts in C:\dev\psjumc\wp-content\themes\kma-slim\inc\modules\Navwalker\BulmaNavwalker.php on line 92
[18-Mar-2021 17:29:03 UTC] PHP Notice:  Trying to get property 'has_children' of non-object in C:\dev\psjumc\wp-content\themes\kma-slim\inc\modules\Navwalker\BulmaNavwalker.php on line 92
[18-Mar-2021 17:29:03 UTC] PHP Notice:  Undefined variable: walkerAtts in C:\dev\psjumc\wp-content\themes\kma-slim\inc\modules\Navwalker\BulmaNavwalker.php on line 92
[18-Mar-2021 17:29:03 UTC] PHP Notice:  Trying to get property 'has_children' of non-object in C:\dev\psjumc\wp-content\themes\kma-slim\inc\modules\Navwalker\BulmaNavwalker.php on line 92
[18-Mar-2021 17:29:03 UTC] PHP Notice:  Undefined variable: walkerAtts in C:\dev\psjumc\wp-content\themes\kma-slim\inc\modules\Navwalker\BulmaNavwalker.php on line 92
[18-Mar-2021 17:29:03 UTC] PHP Notice:  Trying to get property 'has_children' of non-object in C:\dev\psjumc\wp-content\themes\kma-slim\inc\modules\Navwalker\BulmaNavwalker.php on line 92
[18-Mar-2021 17:29:03 UTC] PHP Notice:  Undefined variable: walkerAtts in C:\dev\psjumc\wp-content\themes\kma-slim\inc\modules\Navwalker\BulmaNavwalker.php on line 92
[18-Mar-2021 17:29:03 UTC] PHP Notice:  Trying to get property 'has_children' of non-object in C:\dev\psjumc\wp-content\themes\kma-slim\inc\modules\Navwalker\BulmaNavwalker.php on line 92
[18-Mar-2021 17:29:03 UTC] PHP Notice:  Undefined variable: walkerAtts in C:\dev\psjumc\wp-content\themes\kma-slim\inc\modules\Navwalker\BulmaNavwalker.php on line 92
[18-Mar-2021 17:29:03 UTC] PHP Notice:  Trying to get property 'has_children' of non-object in C:\dev\psjumc\wp-content\themes\kma-slim\inc\modules\Navwalker\BulmaNavwalker.php on line 92
[18-Mar-2021 17:29:03 UTC] PHP Notice:  Undefined variable: walkerAtts in C:\dev\psjumc\wp-content\themes\kma-slim\inc\modules\Navwalker\BulmaNavwalker.php on line 92
[18-Mar-2021 17:29:03 UTC] PHP Notice:  Trying to get property 'has_children' of non-object in C:\dev\psjumc\wp-content\themes\kma-slim\inc\modules\Navwalker\BulmaNavwalker.php on line 92
[18-Mar-2021 17:29:03 UTC] PHP Notice:  Undefined variable: walkerAtts in C:\dev\psjumc\wp-content\themes\kma-slim\inc\modules\Navwalker\BulmaNavwalker.php on line 92
[18-Mar-2021 17:29:03 UTC] PHP Notice:  Trying to get property 'has_children' of non-object in C:\dev\psjumc\wp-content\themes\kma-slim\inc\modules\Navwalker\BulmaNavwalker.php on line 92
[18-Mar-2021 17:29:03 UTC] PHP Notice:  Undefined variable: walkerAtts in C:\dev\psjumc\wp-content\themes\kma-slim\inc\modules\Navwalker\BulmaNavwalker.php on line 92
[18-Mar-2021 17:29:03 UTC] PHP Notice:  Trying to get property 'has_children' of non-object in C:\dev\psjumc\wp-content\themes\kma-slim\inc\modules\Navwalker\BulmaNavwalker.php on line 92
[18-Mar-2021 17:29:03 UTC] PHP Notice:  Undefined variable: walkerAtts in C:\dev\psjumc\wp-content\themes\kma-slim\inc\modules\Navwalker\BulmaNavwalker.php on line 92
[18-Mar-2021 17:29:03 UTC] PHP Notice:  Trying to get property 'has_children' of non-object in C:\dev\psjumc\wp-content\themes\kma-slim\inc\modules\Navwalker\BulmaNavwalker.php on line 92
[18-Mar-2021 17:29:03 UTC] PHP Notice:  Undefined variable: walkerAtts in C:\dev\psjumc\wp-content\themes\kma-slim\inc\modules\Navwalker\BulmaNavwalker.php on line 92
[18-Mar-2021 17:29:03 UTC] PHP Notice:  Trying to get property 'has_children' of non-object in C:\dev\psjumc\wp-content\themes\kma-slim\inc\modules\Navwalker\BulmaNavwalker.php on line 92
[18-Mar-2021 17:29:03 UTC] PHP Notice:  Undefined variable: walkerAtts in C:\dev\psjumc\wp-content\themes\kma-slim\inc\modules\Navwalker\BulmaNavwalker.php on line 92
[18-Mar-2021 17:29:03 UTC] PHP Notice:  Trying to get property 'has_children' of non-object in C:\dev\psjumc\wp-content\themes\kma-slim\inc\modules\Navwalker\BulmaNavwalker.php on line 92
[18-Mar-2021 17:29:03 UTC] PHP Notice:  Undefined variable: walkerAtts in C:\dev\psjumc\wp-content\themes\kma-slim\inc\modules\Navwalker\BulmaNavwalker.php on line 92
[18-Mar-2021 17:29:03 UTC] PHP Notice:  Trying to get property 'has_children' of non-object in C:\dev\psjumc\wp-content\themes\kma-slim\inc\modules\Navwalker\BulmaNavwalker.php on line 92
[18-Mar-2021 17:29:03 UTC] PHP Notice:  Undefined variable: walkerAtts in C:\dev\psjumc\wp-content\themes\kma-slim\inc\modules\Navwalker\BulmaNavwalker.php on line 92
[18-Mar-2021 17:29:03 UTC] PHP Notice:  Trying to get property 'has_children' of non-object in C:\dev\psjumc\wp-content\themes\kma-slim\inc\modules\Navwalker\BulmaNavwalker.php on line 92
[18-Mar-2021 17:29:03 UTC] PHP Notice:  Undefined variable: walkerAtts in C:\dev\psjumc\wp-content\themes\kma-slim\inc\modules\Navwalker\BulmaNavwalker.php on line 92
[18-Mar-2021 17:29:03 UTC] PHP Notice:  Trying to get property 'has_children' of non-object in C:\dev\psjumc\wp-content\themes\kma-slim\inc\modules\Navwalker\BulmaNavwalker.php on line 92
[18-Mar-2021 17:29:03 UTC] PHP Notice:  Undefined variable: walkerAtts in C:\dev\psjumc\wp-content\themes\kma-slim\inc\modules\Navwalker\BulmaNavwalker.php on line 92
[18-Mar-2021 17:29:03 UTC] PHP Notice:  Trying to get property 'has_children' of non-object in C:\dev\psjumc\wp-content\themes\kma-slim\inc\modules\Navwalker\BulmaNavwalker.php on line 92
[18-Mar-2021 17:29:03 UTC] PHP Notice:  Undefined variable: walkerAtts in C:\dev\psjumc\wp-content\themes\kma-slim\inc\modules\Navwalker\BulmaNavwalker.php on line 92
[18-Mar-2021 17:29:03 UTC] PHP Notice:  Trying to get property 'has_children' of non-object in C:\dev\psjumc\wp-content\themes\kma-slim\inc\modules\Navwalker\BulmaNavwalker.php on line 92
[18-Mar-2021 17:29:03 UTC] PHP Notice:  Undefined variable: walkerAtts in C:\dev\psjumc\wp-content\themes\kma-slim\inc\modules\Navwalker\BulmaNavwalker.php on line 92
[18-Mar-2021 17:29:03 UTC] PHP Notice:  Trying to get property 'has_children' of non-object in C:\dev\psjumc\wp-content\themes\kma-slim\inc\modules\Navwalker\BulmaNavwalker.php on line 92
[18-Mar-2021 17:29:03 UTC] PHP Notice:  Undefined variable: walkerAtts in C:\dev\psjumc\wp-content\themes\kma-slim\inc\modules\Navwalker\BulmaNavwalker.php on line 92
[18-Mar-2021 17:29:03 UTC] PHP Notice:  Trying to get property 'has_children' of non-object in C:\dev\psjumc\wp-content\themes\kma-slim\inc\modules\Navwalker\BulmaNavwalker.php on line 92
[18-Mar-2021 17:29:03 UTC] PHP Notice:  Undefined variable: walkerAtts in C:\dev\psjumc\wp-content\themes\kma-slim\inc\modules\Navwalker\BulmaNavwalker.php on line 92
[18-Mar-2021 17:29:03 UTC] PHP Notice:  Trying to get property 'has_children' of non-object in C:\dev\psjumc\wp-content\themes\kma-slim\inc\modules\Navwalker\BulmaNavwalker.php on line 92
[18-Mar-2021 17:29:03 UTC] PHP Notice:  Undefined variable: walkerAtts in C:\dev\psjumc\wp-content\themes\kma-slim\inc\modules\Navwalker\BulmaNavwalker.php on line 92
[18-Mar-2021 17:29:03 UTC] PHP Notice:  Trying to get property 'has_children' of non-object in C:\dev\psjumc\wp-content\themes\kma-slim\inc\modules\Navwalker\BulmaNavwalker.php on line 92
[18-Mar-2021 17:29:03 UTC] PHP Notice:  Undefined variable: walkerAtts in C:\dev\psjumc\wp-content\themes\kma-slim\inc\modules\Navwalker\BulmaNavwalker.php on line 92
[18-Mar-2021 17:29:03 UTC] PHP Notice:  Trying to get property 'has_children' of non-object in C:\dev\psjumc\wp-content\themes\kma-slim\inc\modules\Navwalker\BulmaNavwalker.php on line 92
[18-Mar-2021 17:29:03 UTC] PHP Notice:  Undefined variable: walkerAtts in C:\dev\psjumc\wp-content\themes\kma-slim\inc\modules\Navwalker\BulmaNavwalker.php on line 92
[18-Mar-2021 17:29:03 UTC] PHP Notice:  Trying to get property 'has_children' of non-object in C:\dev\psjumc\wp-content\themes\kma-slim\inc\modules\Navwalker\BulmaNavwalker.php on line 92
[18-Mar-2021 17:29:03 UTC] PHP Notice:  Undefined variable: walkerAtts in C:\dev\psjumc\wp-content\themes\kma-slim\inc\modules\Navwalker\BulmaNavwalker.php on line 92
[18-Mar-2021 17:29:03 UTC] PHP Notice:  Trying to get property 'has_children' of non-object in C:\dev\psjumc\wp-content\themes\kma-slim\inc\modules\Navwalker\BulmaNavwalker.php on line 92
[18-Mar-2021 17:29:03 UTC] PHP Notice:  Undefined variable: walkerAtts in C:\dev\psjumc\wp-content\themes\kma-slim\inc\modules\Navwalker\BulmaNavwalker.php on line 92
[18-Mar-2021 17:29:03 UTC] PHP Notice:  Trying to get property 'has_children' of non-object in C:\dev\psjumc\wp-content\themes\kma-slim\inc\modules\Navwalker\BulmaNavwalker.php on line 92
[18-Mar-2021 17:29:03 UTC] PHP Notice:  Undefined variable: walkerAtts in C:\dev\psjumc\wp-content\themes\kma-slim\inc\modules\Navwalker\BulmaNavwalker.php on line 92
[18-Mar-2021 17:29:03 UTC] PHP Notice:  Trying to get property 'has_children' of non-object in C:\dev\psjumc\wp-content\themes\kma-slim\inc\modules\Navwalker\BulmaNavwalker.php on line 92
[18-Mar-2021 17:29:03 UTC] PHP Notice:  Undefined variable: walkerAtts in C:\dev\psjumc\wp-content\themes\kma-slim\inc\modules\Navwalker\BulmaNavwalker.php on line 92
[18-Mar-2021 17:29:03 UTC] PHP Notice:  Trying to get property 'has_children' of non-object in C:\dev\psjumc\wp-content\themes\kma-slim\inc\modules\Navwalker\BulmaNavwalker.php on line 92
[18-Mar-2021 17:29:03 UTC] PHP Notice:  Undefined variable: walkerAtts in C:\dev\psjumc\wp-content\themes\kma-slim\inc\modules\Navwalker\BulmaNavwalker.php on line 92
[18-Mar-2021 17:29:03 UTC] PHP Notice:  Trying to get property 'has_children' of non-object in C:\dev\psjumc\wp-content\themes\kma-slim\inc\modules\Navwalker\BulmaNavwalker.php on line 92
[18-Mar-2021 17:29:03 UTC] PHP Notice:  Undefined variable: walkerAtts in C:\dev\psjumc\wp-content\themes\kma-slim\inc\modules\Navwalker\BulmaNavwalker.php on line 92
[18-Mar-2021 17:29:03 UTC] PHP Notice:  Trying to get property 'has_children' of non-object in C:\dev\psjumc\wp-content\themes\kma-slim\inc\modules\Navwalker\BulmaNavwalker.php on line 92
[18-Mar-2021 17:29:03 UTC] PHP Notice:  Undefined variable: walkerAtts in C:\dev\psjumc\wp-content\themes\kma-slim\inc\modules\Navwalker\BulmaNavwalker.php on line 92
[18-Mar-2021 17:29:03 UTC] PHP Notice:  Trying to get property 'has_children' of non-object in C:\dev\psjumc\wp-content\themes\kma-slim\inc\modules\Navwalker\BulmaNavwalker.php on line 92
[18-Mar-2021 17:29:03 UTC] PHP Notice:  Undefined variable: walkerAtts in C:\dev\psjumc\wp-content\themes\kma-slim\inc\modules\Navwalker\BulmaNavwalker.php on line 92
[18-Mar-2021 17:29:03 UTC] PHP Notice:  Trying to get property 'has_children' of non-object in C:\dev\psjumc\wp-content\themes\kma-slim\inc\modules\Navwalker\BulmaNavwalker.php on line 92
[18-Mar-2021 17:29:03 UTC] PHP Notice:  Undefined variable: walkerAtts in C:\dev\psjumc\wp-content\themes\kma-slim\inc\modules\Navwalker\BulmaNavwalker.php on line 92
[18-Mar-2021 17:29:03 UTC] PHP Notice:  Trying to get property 'has_children' of non-object in C:\dev\psjumc\wp-content\themes\kma-slim\inc\modules\Navwalker\BulmaNavwalker.php on line 92
[18-Mar-2021 17:29:03 UTC] PHP Notice:  Undefined variable: walkerAtts in C:\dev\psjumc\wp-content\themes\kma-slim\inc\modules\Navwalker\BulmaNavwalker.php on line 92
[18-Mar-2021 17:29:03 UTC] PHP Notice:  Trying to get property 'has_children' of non-object in C:\dev\psjumc\wp-content\themes\kma-slim\inc\modules\Navwalker\BulmaNavwalker.php on line 92
[18-Mar-2021 17:29:03 UTC] PHP Notice:  Undefined variable: walkerAtts in C:\dev\psjumc\wp-content\themes\kma-slim\inc\modules\Navwalker\BulmaNavwalker.php on line 92
[18-Mar-2021 17:29:03 UTC] PHP Notice:  Trying to get property 'has_children' of non-object in C:\dev\psjumc\wp-content\themes\kma-slim\inc\modules\Navwalker\BulmaNavwalker.php on line 92
[18-Mar-2021 17:29:03 UTC] PHP Notice:  Undefined variable: walkerAtts in C:\dev\psjumc\wp-content\themes\kma-slim\inc\modules\Navwalker\BulmaNavwalker.php on line 92
[18-Mar-2021 17:29:03 UTC] PHP Notice:  Trying to get property 'has_children' of non-object in C:\dev\psjumc\wp-content\themes\kma-slim\inc\modules\Navwalker\BulmaNavwalker.php on line 92
[18-Mar-2021 17:29:03 UTC] PHP Notice:  Undefined variable: walkerAtts in C:\dev\psjumc\wp-content\themes\kma-slim\inc\modules\Navwalker\BulmaNavwalker.php on line 92
[18-Mar-2021 17:29:03 UTC] PHP Notice:  Trying to get property 'has_children' of non-object in C:\dev\psjumc\wp-content\themes\kma-slim\inc\modules\Navwalker\BulmaNavwalker.php on line 92
[18-Mar-2021 17:29:03 UTC] PHP Notice:  Undefined variable: walkerAtts in C:\dev\psjumc\wp-content\themes\kma-slim\inc\modules\Navwalker\BulmaNavwalker.php on line 92
[18-Mar-2021 17:29:03 UTC] PHP Notice:  Trying to get property 'has_children' of non-object in C:\dev\psjumc\wp-content\themes\kma-slim\inc\modules\Navwalker\BulmaNavwalker.php on line 92
[18-Mar-2021 17:29:03 UTC] PHP Notice:  Undefined variable: walkerAtts in C:\dev\psjumc\wp-content\themes\kma-slim\inc\modules\Navwalker\BulmaNavwalker.php on line 92
[18-Mar-2021 17:29:03 UTC] PHP Notice:  Trying to get property 'has_children' of non-object in C:\dev\psjumc\wp-content\themes\kma-slim\inc\modules\Navwalker\BulmaNavwalker.php on line 92
[18-Mar-2021 17:29:03 UTC] PHP Notice:  Undefined variable: walkerAtts in C:\dev\psjumc\wp-content\themes\kma-slim\inc\modules\Navwalker\BulmaNavwalker.php on line 92
[18-Mar-2021 17:29:03 UTC] PHP Notice:  Trying to get property 'has_children' of non-object in C:\dev\psjumc\wp-content\themes\kma-slim\inc\modules\Navwalker\BulmaNavwalker.php on line 92
[18-Mar-2021 17:29:03 UTC] PHP Notice:  Undefined variable: walkerAtts in C:\dev\psjumc\wp-content\themes\kma-slim\inc\modules\Navwalker\BulmaNavwalker.php on line 92
[18-Mar-2021 17:29:03 UTC] PHP Notice:  Trying to get property 'has_children' of non-object in C:\dev\psjumc\wp-content\themes\kma-slim\inc\modules\Navwalker\BulmaNavwalker.php on line 92
[18-Mar-2021 17:29:03 UTC] PHP Notice:  Undefined variable: walkerAtts in C:\dev\psjumc\wp-content\themes\kma-slim\inc\modules\Navwalker\BulmaNavwalker.php on line 92
[18-Mar-2021 17:29:03 UTC] PHP Notice:  Trying to get property 'has_children' of non-object in C:\dev\psjumc\wp-content\themes\kma-slim\inc\modules\Navwalker\BulmaNavwalker.php on line 92
[18-Mar-2021 17:29:03 UTC] PHP Notice:  Undefined variable: walkerAtts in C:\dev\psjumc\wp-content\themes\kma-slim\inc\modules\Navwalker\BulmaNavwalker.php on line 92
[18-Mar-2021 17:29:03 UTC] PHP Notice:  Trying to get property 'has_children' of non-object in C:\dev\psjumc\wp-content\themes\kma-slim\inc\modules\Navwalker\BulmaNavwalker.php on line 92
[18-Mar-2021 17:29:03 UTC] PHP Notice:  Undefined variable: walkerAtts in C:\dev\psjumc\wp-content\themes\kma-slim\inc\modules\Navwalker\BulmaNavwalker.php on line 92
[18-Mar-2021 17:29:03 UTC] PHP Notice:  Trying to get property 'has_children' of non-object in C:\dev\psjumc\wp-content\themes\kma-slim\inc\modules\Navwalker\BulmaNavwalker.php on line 92
[18-Mar-2021 17:29:03 UTC] PHP Notice:  Undefined variable: walkerAtts in C:\dev\psjumc\wp-content\themes\kma-slim\inc\modules\Navwalker\BulmaNavwalker.php on line 92
[18-Mar-2021 17:29:03 UTC] PHP Notice:  Trying to get property 'has_children' of non-object in C:\dev\psjumc\wp-content\themes\kma-slim\inc\modules\Navwalker\BulmaNavwalker.php on line 92
[18-Mar-2021 17:29:03 UTC] PHP Notice:  Undefined variable: walkerAtts in C:\dev\psjumc\wp-content\themes\kma-slim\inc\modules\Navwalker\BulmaNavwalker.php on line 92
[18-Mar-2021 17:29:03 UTC] PHP Notice:  Trying to get property 'has_children' of non-object in C:\dev\psjumc\wp-content\themes\kma-slim\inc\modules\Navwalker\BulmaNavwalker.php on line 92
[18-Mar-2021 17:29:03 UTC] PHP Notice:  Undefined variable: walkerAtts in C:\dev\psjumc\wp-content\themes\kma-slim\inc\modules\Navwalker\BulmaNavwalker.php on line 92
[18-Mar-2021 17:29:03 UTC] PHP Notice:  Trying to get property 'has_children' of non-object in C:\dev\psjumc\wp-content\themes\kma-slim\inc\modules\Navwalker\BulmaNavwalker.php on line 92
[18-Mar-2021 17:29:03 UTC] PHP Notice:  Undefined variable: walkerAtts in C:\dev\psjumc\wp-content\themes\kma-slim\inc\modules\Navwalker\BulmaNavwalker.php on line 92
[18-Mar-2021 17:29:03 UTC] PHP Notice:  Trying to get property 'has_children' of non-object in C:\dev\psjumc\wp-content\themes\kma-slim\inc\modules\Navwalker\BulmaNavwalker.php on line 92
[18-Mar-2021 17:29:03 UTC] PHP Notice:  Undefined variable: walkerAtts in C:\dev\psjumc\wp-content\themes\kma-slim\inc\modules\Navwalker\BulmaNavwalker.php on line 92
[18-Mar-2021 17:29:03 UTC] PHP Notice:  Trying to get property 'has_children' of non-object in C:\dev\psjumc\wp-content\themes\kma-slim\inc\modules\Navwalker\BulmaNavwalker.php on line 92
[18-Mar-2021 17:29:03 UTC] PHP Notice:  Undefined variable: walkerAtts in C:\dev\psjumc\wp-content\themes\kma-slim\inc\modules\Navwalker\BulmaNavwalker.php on line 92
[18-Mar-2021 17:29:03 UTC] PHP Notice:  Trying to get property 'has_children' of non-object in C:\dev\psjumc\wp-content\themes\kma-slim\inc\modules\Navwalker\BulmaNavwalker.php on line 92
[18-Mar-2021 17:29:03 UTC] PHP Notice:  Undefined variable: walkerAtts in C:\dev\psjumc\wp-content\themes\kma-slim\inc\modules\Navwalker\BulmaNavwalker.php on line 92
[18-Mar-2021 17:29:03 UTC] PHP Notice:  Trying to get property 'has_children' of non-object in C:\dev\psjumc\wp-content\themes\kma-slim\inc\modules\Navwalker\BulmaNavwalker.php on line 92
[18-Mar-2021 17:29:03 UTC] PHP Notice:  Undefined variable: walkerAtts in C:\dev\psjumc\wp-content\themes\kma-slim\inc\modules\Navwalker\BulmaNavwalker.php on line 92
[18-Mar-2021 17:29:03 UTC] PHP Notice:  Trying to get property 'has_children' of non-object in C:\dev\psjumc\wp-content\themes\kma-slim\inc\modules\Navwalker\BulmaNavwalker.php on line 92
[18-Mar-2021 17:29:03 UTC] PHP Notice:  Undefined variable: walkerAtts in C:\dev\psjumc\wp-content\themes\kma-slim\inc\modules\Navwalker\BulmaNavwalker.php on line 92
[18-Mar-2021 17:29:03 UTC] PHP Notice:  Trying to get property 'has_children' of non-object in C:\dev\psjumc\wp-content\themes\kma-slim\inc\modules\Navwalker\BulmaNavwalker.php on line 92
[18-Mar-2021 17:29:03 UTC] PHP Notice:  Undefined variable: walkerAtts in C:\dev\psjumc\wp-content\themes\kma-slim\inc\modules\Navwalker\BulmaNavwalker.php on line 92
[18-Mar-2021 17:29:03 UTC] PHP Notice:  Trying to get property 'has_children' of non-object in C:\dev\psjumc\wp-content\themes\kma-slim\inc\modules\Navwalker\BulmaNavwalker.php on line 92
[18-Mar-2021 17:29:03 UTC] PHP Notice:  Undefined variable: walkerAtts in C:\dev\psjumc\wp-content\themes\kma-slim\inc\modules\Navwalker\BulmaNavwalker.php on line 92
[18-Mar-2021 17:29:03 UTC] PHP Notice:  Trying to get property 'has_children' of non-object in C:\dev\psjumc\wp-content\themes\kma-slim\inc\modules\Navwalker\BulmaNavwalker.php on line 92
[18-Mar-2021 17:29:03 UTC] PHP Notice:  Undefined variable: walkerAtts in C:\dev\psjumc\wp-content\themes\kma-slim\inc\modules\Navwalker\BulmaNavwalker.php on line 92
[18-Mar-2021 17:29:03 UTC] PHP Notice:  Trying to get property 'has_children' of non-object in C:\dev\psjumc\wp-content\themes\kma-slim\inc\modules\Navwalker\BulmaNavwalker.php on line 92
[18-Mar-2021 17:29:03 UTC] PHP Notice:  Undefined variable: walkerAtts in C:\dev\psjumc\wp-content\themes\kma-slim\inc\modules\Navwalker\BulmaNavwalker.php on line 92
[18-Mar-2021 17:29:03 UTC] PHP Notice:  Trying to get property 'has_children' of non-object in C:\dev\psjumc\wp-content\themes\kma-slim\inc\modules\Navwalker\BulmaNavwalker.php on line 92
[18-Mar-2021 17:34:02 UTC] PHP Warning:  Use of undefined constant VIMEO_CLIENT_ID - assumed 'VIMEO_CLIENT_ID' (this will throw an Error in a future version of PHP) in C:\dev\psjumc\wp-content\themes\kma-slim\inc\modules\Vimeo\KmaVimeo.php on line 10
[18-Mar-2021 17:34:02 UTC] PHP Warning:  Use of undefined constant VIMEO_CLIENT_SECRET - assumed 'VIMEO_CLIENT_SECRET' (this will throw an Error in a future version of PHP) in C:\dev\psjumc\wp-content\themes\kma-slim\inc\modules\Vimeo\KmaVimeo.php on line 10
[18-Mar-2021 17:34:02 UTC] PHP Notice:  Undefined index: total in C:\dev\psjumc\wp-content\themes\kma-slim\template-parts\content-online-sermons.php on line 20
[18-Mar-2021 17:34:03 UTC] PHP Notice:  Undefined index: data in C:\dev\psjumc\wp-content\themes\kma-slim\template-parts\content-online-sermons.php on line 38
[18-Mar-2021 17:34:03 UTC] PHP Warning:  Invalid argument supplied for foreach() in C:\dev\psjumc\wp-content\themes\kma-slim\template-parts\content-online-sermons.php on line 38
[18-Mar-2021 17:36:29 UTC] PHP Notice:  Undefined index: total in C:\dev\psjumc\wp-content\themes\kma-slim\template-parts\content-online-sermons.php on line 20
[18-Mar-2021 17:36:29 UTC] PHP Notice:  Undefined index: data in C:\dev\psjumc\wp-content\themes\kma-slim\template-parts\content-online-sermons.php on line 38
[18-Mar-2021 17:36:29 UTC] PHP Warning:  Invalid argument supplied for foreach() in C:\dev\psjumc\wp-content\themes\kma-slim\template-parts\content-online-sermons.php on line 38
[18-Mar-2021 17:46:26 UTC] PHP Notice:  Undefined index: total in C:\dev\psjumc\wp-content\themes\kma-slim\template-parts\content-online-sermons.php on line 20
[18-Mar-2021 17:46:26 UTC] PHP Notice:  Undefined index: data in C:\dev\psjumc\wp-content\themes\kma-slim\template-parts\content-online-sermons.php on line 38
[18-Mar-2021 17:46:26 UTC] PHP Warning:  Invalid argument supplied for foreach() in C:\dev\psjumc\wp-content\themes\kma-slim\template-parts\content-online-sermons.php on line 38
[18-Mar-2021 12:46:47 America/Chicago] PHP Notice:  Undefined variable: econtent in C:\dev\psjumc\wp-content\themes\kma-slim\template-parts\partials\mini-event.php on line 17
[18-Mar-2021 12:46:47 America/Chicago] PHP Notice:  Undefined variable: econtent in C:\dev\psjumc\wp-content\themes\kma-slim\template-parts\partials\mini-event.php on line 17
[18-Mar-2021 12:46:47 America/Chicago] PHP Notice:  Undefined variable: econtent in C:\dev\psjumc\wp-content\themes\kma-slim\template-parts\partials\mini-event.php on line 17
[18-Mar-2021 12:46:47 America/Chicago] PHP Notice:  Undefined variable: econtent in C:\dev\psjumc\wp-content\themes\kma-slim\template-parts\partials\mini-event.php on line 17
[18-Mar-2021 12:46:47 America/Chicago] PHP Notice:  Undefined variable: econtent in C:\dev\psjumc\wp-content\themes\kma-slim\template-parts\partials\mini-event.php on line 17
[18-Mar-2021 12:46:47 America/Chicago] PHP Notice:  Undefined variable: econtent in C:\dev\psjumc\wp-content\themes\kma-slim\template-parts\partials\mini-event.php on line 17
[18-Mar-2021 12:46:47 America/Chicago] PHP Notice:  Undefined variable: econtent in C:\dev\psjumc\wp-content\themes\kma-slim\template-parts\partials\mini-event.php on line 17
[18-Mar-2021 17:52:12 UTC] PHP Notice:  Undefined index: total in C:\dev\psjumc\wp-content\themes\kma-slim\template-parts\content-online-sermons.php on line 20
[18-Mar-2021 17:52:12 UTC] PHP Notice:  Undefined index: data in C:\dev\psjumc\wp-content\themes\kma-slim\template-parts\content-online-sermons.php on line 38
[18-Mar-2021 17:52:12 UTC] PHP Warning:  Invalid argument supplied for foreach() in C:\dev\psjumc\wp-content\themes\kma-slim\template-parts\content-online-sermons.php on line 38
[18-Mar-2021 17:54:29 UTC] PHP Notice:  Undefined index: total in C:\dev\psjumc\wp-content\themes\kma-slim\template-parts\content-online-sermons.php on line 21
[18-Mar-2021 17:54:29 UTC] PHP Notice:  Undefined index: data in C:\dev\psjumc\wp-content\themes\kma-slim\template-parts\content-online-sermons.php on line 40
[18-Mar-2021 17:54:29 UTC] PHP Warning:  Invalid argument supplied for foreach() in C:\dev\psjumc\wp-content\themes\kma-slim\template-parts\content-online-sermons.php on line 40
[18-Mar-2021 17:55:21 UTC] PHP Notice:  Undefined index: data in C:\dev\psjumc\wp-content\themes\kma-slim\template-parts\content-online-sermons.php on line 40
[18-Mar-2021 17:55:21 UTC] PHP Warning:  Invalid argument supplied for foreach() in C:\dev\psjumc\wp-content\themes\kma-slim\template-parts\content-online-sermons.php on line 40
[18-Mar-2021 17:55:21 UTC] PHP Notice:  Undefined variable: numPages in C:\dev\psjumc\wp-content\themes\kma-slim\template-parts\partials\pagination.php on line 5
[18-Mar-2021 17:55:21 UTC] PHP Notice:  Undefined variable: numPages in C:\dev\psjumc\wp-content\themes\kma-slim\template-parts\partials\pagination.php on line 11
[18-Mar-2021 17:55:21 UTC] PHP Notice:  Undefined variable: numPages in C:\dev\psjumc\wp-content\themes\kma-slim\template-parts\partials\pagination.php on line 11
[18-Mar-2021 17:55:21 UTC] PHP Notice:  Undefined variable: numPages in C:\dev\psjumc\wp-content\themes\kma-slim\template-parts\partials\pagination.php on line 11
[18-Mar-2021 17:55:21 UTC] PHP Notice:  Undefined variable: numPages in C:\dev\psjumc\wp-content\themes\kma-slim\template-parts\partials\pagination.php on line 11
[18-Mar-2021 17:55:21 UTC] PHP Notice:  Undefined variable: numPages in C:\dev\psjumc\wp-content\themes\kma-slim\template-parts\partials\pagination.php on line 21
[18-Mar-2021 18:03:43 UTC] PHP Parse error:  syntax error, unexpected '<', expecting end of file in C:\dev\psjumc\wp-content\themes\kma-slim\template-parts\content-online-sermons.php on line 50
[18-Mar-2021 18:03:43 UTC] PHP Notice:  Undefined property: stdClass::$type in C:\dev\psjumc\wp-content\themes\kma-slim\vendor\kerigansolutions\fb-autoblog-wp\src\Post.php on line 18
[18-Mar-2021 18:03:43 UTC] PHP Notice:  Undefined property: stdClass::$type in C:\dev\psjumc\wp-content\themes\kma-slim\vendor\kerigansolutions\fb-autoblog-wp\src\Post.php on line 25
[18-Mar-2021 18:03:43 UTC] PHP Notice:  Undefined property: stdClass::$type in C:\dev\psjumc\wp-content\themes\kma-slim\vendor\kerigansolutions\fb-autoblog-wp\src\Post.php on line 18
[18-Mar-2021 18:03:43 UTC] PHP Notice:  Undefined property: stdClass::$type in C:\dev\psjumc\wp-content\themes\kma-slim\vendor\kerigansolutions\fb-autoblog-wp\src\Post.php on line 25
[18-Mar-2021 18:03:43 UTC] PHP Notice:  Undefined property: stdClass::$type in C:\dev\psjumc\wp-content\themes\kma-slim\vendor\kerigansolutions\fb-autoblog-wp\src\Post.php on line 18
[18-Mar-2021 18:03:43 UTC] PHP Notice:  Undefined property: stdClass::$type in C:\dev\psjumc\wp-content\themes\kma-slim\vendor\kerigansolutions\fb-autoblog-wp\src\Post.php on line 25
[18-Mar-2021 18:03:43 UTC] PHP Notice:  Undefined property: stdClass::$type in C:\dev\psjumc\wp-content\themes\kma-slim\vendor\kerigansolutions\fb-autoblog-wp\src\Post.php on line 18
[18-Mar-2021 18:03:43 UTC] PHP Notice:  Undefined property: stdClass::$type in C:\dev\psjumc\wp-content\themes\kma-slim\vendor\kerigansolutions\fb-autoblog-wp\src\Post.php on line 25
[18-Mar-2021 18:03:43 UTC] PHP Notice:  Undefined property: stdClass::$type in C:\dev\psjumc\wp-content\themes\kma-slim\vendor\kerigansolutions\fb-autoblog-wp\src\Post.php on line 18
[18-Mar-2021 18:03:43 UTC] PHP Notice:  Undefined property: stdClass::$type in C:\dev\psjumc\wp-content\themes\kma-slim\vendor\kerigansolutions\fb-autoblog-wp\src\Post.php on line 25
[18-Mar-2021 18:03:43 UTC] PHP Notice:  Undefined property: stdClass::$type in C:\dev\psjumc\wp-content\themes\kma-slim\vendor\kerigansolutions\fb-autoblog-wp\src\Post.php on line 18
[18-Mar-2021 18:03:43 UTC] PHP Notice:  Undefined property: stdClass::$type in C:\dev\psjumc\wp-content\themes\kma-slim\vendor\kerigansolutions\fb-autoblog-wp\src\Post.php on line 25
[18-Mar-2021 18:03:43 UTC] PHP Notice:  Undefined property: stdClass::$type in C:\dev\psjumc\wp-content\themes\kma-slim\vendor\kerigansolutions\fb-autoblog-wp\src\Post.php on line 18
[18-Mar-2021 18:03:43 UTC] PHP Notice:  Undefined property: stdClass::$type in C:\dev\psjumc\wp-content\themes\kma-slim\vendor\kerigansolutions\fb-autoblog-wp\src\Post.php on line 25
[18-Mar-2021 18:03:43 UTC] PHP Notice:  Undefined property: stdClass::$type in C:\dev\psjumc\wp-content\themes\kma-slim\vendor\kerigansolutions\fb-autoblog-wp\src\Post.php on line 18
[18-Mar-2021 18:03:43 UTC] PHP Notice:  Undefined property: stdClass::$type in C:\dev\psjumc\wp-content\themes\kma-slim\vendor\kerigansolutions\fb-autoblog-wp\src\Post.php on line 25
[18-Mar-2021 18:03:43 UTC] PHP Notice:  Undefined property: stdClass::$type in C:\dev\psjumc\wp-content\themes\kma-slim\vendor\kerigansolutions\fb-autoblog-wp\src\Post.php on line 18
[18-Mar-2021 18:03:43 UTC] PHP Notice:  Undefined property: stdClass::$type in C:\dev\psjumc\wp-content\themes\kma-slim\vendor\kerigansolutions\fb-autoblog-wp\src\Post.php on line 25
[18-Mar-2021 18:03:43 UTC] PHP Notice:  Undefined property: stdClass::$type in C:\dev\psjumc\wp-content\themes\kma-slim\vendor\kerigansolutions\fb-autoblog-wp\src\Post.php on line 18
[18-Mar-2021 18:03:43 UTC] PHP Notice:  Undefined property: stdClass::$type in C:\dev\psjumc\wp-content\themes\kma-slim\vendor\kerigansolutions\fb-autoblog-wp\src\Post.php on line 25
[18-Mar-2021 18:03:43 UTC] PHP Notice:  Undefined property: stdClass::$type in C:\dev\psjumc\wp-content\themes\kma-slim\vendor\kerigansolutions\fb-autoblog-wp\src\Post.php on line 18
[18-Mar-2021 18:03:43 UTC] PHP Notice:  Undefined property: stdClass::$type in C:\dev\psjumc\wp-content\themes\kma-slim\vendor\kerigansolutions\fb-autoblog-wp\src\Post.php on line 25
[18-Mar-2021 18:03:43 UTC] PHP Notice:  Undefined property: stdClass::$type in C:\dev\psjumc\wp-content\themes\kma-slim\vendor\kerigansolutions\fb-autoblog-wp\src\Post.php on line 18
[18-Mar-2021 18:03:43 UTC] PHP Notice:  Undefined property: stdClass::$type in C:\dev\psjumc\wp-content\themes\kma-slim\vendor\kerigansolutions\fb-autoblog-wp\src\Post.php on line 25
[18-Mar-2021 18:03:43 UTC] PHP Notice:  Undefined property: stdClass::$type in C:\dev\psjumc\wp-content\themes\kma-slim\vendor\kerigansolutions\fb-autoblog-wp\src\Post.php on line 18
[18-Mar-2021 18:03:43 UTC] PHP Notice:  Undefined property: stdClass::$type in C:\dev\psjumc\wp-content\themes\kma-slim\vendor\kerigansolutions\fb-autoblog-wp\src\Post.php on line 25
[18-Mar-2021 18:03:43 UTC] PHP Notice:  Undefined property: stdClass::$type in C:\dev\psjumc\wp-content\themes\kma-slim\vendor\kerigansolutions\fb-autoblog-wp\src\Post.php on line 18
[18-Mar-2021 18:03:43 UTC] PHP Notice:  Undefined property: stdClass::$type in C:\dev\psjumc\wp-content\themes\kma-slim\vendor\kerigansolutions\fb-autoblog-wp\src\Post.php on line 25
[18-Mar-2021 18:03:43 UTC] PHP Notice:  Undefined property: stdClass::$type in C:\dev\psjumc\wp-content\themes\kma-slim\vendor\kerigansolutions\fb-autoblog-wp\src\Post.php on line 18
[18-Mar-2021 18:03:43 UTC] PHP Notice:  Undefined property: stdClass::$type in C:\dev\psjumc\wp-content\themes\kma-slim\vendor\kerigansolutions\fb-autoblog-wp\src\Post.php on line 25
[18-Mar-2021 18:03:43 UTC] PHP Notice:  Undefined property: stdClass::$type in C:\dev\psjumc\wp-content\themes\kma-slim\vendor\kerigansolutions\fb-autoblog-wp\src\Post.php on line 18
[18-Mar-2021 18:03:43 UTC] PHP Notice:  Undefined property: stdClass::$type in C:\dev\psjumc\wp-content\themes\kma-slim\vendor\kerigansolutions\fb-autoblog-wp\src\Post.php on line 25
[18-Mar-2021 18:03:43 UTC] PHP Notice:  Undefined property: stdClass::$type in C:\dev\psjumc\wp-content\themes\kma-slim\vendor\kerigansolutions\fb-autoblog-wp\src\Post.php on line 18
[18-Mar-2021 18:03:43 UTC] PHP Notice:  Undefined property: stdClass::$type in C:\dev\psjumc\wp-content\themes\kma-slim\vendor\kerigansolutions\fb-autoblog-wp\src\Post.php on line 25
[18-Mar-2021 18:03:43 UTC] PHP Notice:  Undefined property: stdClass::$type in C:\dev\psjumc\wp-content\themes\kma-slim\vendor\kerigansolutions\fb-autoblog-wp\src\Post.php on line 18
[18-Mar-2021 18:03:43 UTC] PHP Notice:  Undefined property: stdClass::$type in C:\dev\psjumc\wp-content\themes\kma-slim\vendor\kerigansolutions\fb-autoblog-wp\src\Post.php on line 25
[18-Mar-2021 18:03:43 UTC] PHP Notice:  Undefined property: stdClass::$type in C:\dev\psjumc\wp-content\themes\kma-slim\vendor\kerigansolutions\fb-autoblog-wp\src\Post.php on line 18
[18-Mar-2021 18:03:43 UTC] PHP Notice:  Undefined property: stdClass::$type in C:\dev\psjumc\wp-content\themes\kma-slim\vendor\kerigansolutions\fb-autoblog-wp\src\Post.php on line 25
[18-Mar-2021 18:03:43 UTC] PHP Notice:  Undefined property: stdClass::$type in C:\dev\psjumc\wp-content\themes\kma-slim\vendor\kerigansolutions\fb-autoblog-wp\src\Post.php on line 18
[18-Mar-2021 18:03:43 UTC] PHP Notice:  Undefined property: stdClass::$type in C:\dev\psjumc\wp-content\themes\kma-slim\vendor\kerigansolutions\fb-autoblog-wp\src\Post.php on line 25
[18-Mar-2021 18:03:43 UTC] PHP Notice:  Undefined property: stdClass::$type in C:\dev\psjumc\wp-content\themes\kma-slim\vendor\kerigansolutions\fb-autoblog-wp\src\Post.php on line 18
[18-Mar-2021 18:03:43 UTC] PHP Notice:  Undefined property: stdClass::$type in C:\dev\psjumc\wp-content\themes\kma-slim\vendor\kerigansolutions\fb-autoblog-wp\src\Post.php on line 25
[18-Mar-2021 18:03:43 UTC] PHP Notice:  Undefined property: stdClass::$type in C:\dev\psjumc\wp-content\themes\kma-slim\vendor\kerigansolutions\fb-autoblog-wp\src\Post.php on line 18
[18-Mar-2021 18:03:43 UTC] PHP Notice:  Undefined property: stdClass::$type in C:\dev\psjumc\wp-content\themes\kma-slim\vendor\kerigansolutions\fb-autoblog-wp\src\Post.php on line 25
[18-Mar-2021 18:03:43 UTC] PHP Notice:  Undefined property: stdClass::$type in C:\dev\psjumc\wp-content\themes\kma-slim\vendor\kerigansolutions\fb-autoblog-wp\src\Post.php on line 18
[18-Mar-2021 18:03:43 UTC] PHP Notice:  Undefined property: stdClass::$type in C:\dev\psjumc\wp-content\themes\kma-slim\vendor\kerigansolutions\fb-autoblog-wp\src\Post.php on line 25
[18-Mar-2021 18:03:43 UTC] PHP Notice:  Undefined property: stdClass::$type in C:\dev\psjumc\wp-content\themes\kma-slim\vendor\kerigansolutions\fb-autoblog-wp\src\Post.php on line 18
[18-Mar-2021 18:03:43 UTC] PHP Notice:  Undefined property: stdClass::$type in C:\dev\psjumc\wp-content\themes\kma-slim\vendor\kerigansolutions\fb-autoblog-wp\src\Post.php on line 25
[18-Mar-2021 18:03:43 UTC] PHP Notice:  Undefined property: stdClass::$type in C:\dev\psjumc\wp-content\themes\kma-slim\vendor\kerigansolutions\fb-autoblog-wp\src\Post.php on line 18
[18-Mar-2021 18:03:43 UTC] PHP Notice:  Undefined property: stdClass::$type in C:\dev\psjumc\wp-content\themes\kma-slim\vendor\kerigansolutions\fb-autoblog-wp\src\Post.php on line 25
[18-Mar-2021 18:03:43 UTC] PHP Notice:  Undefined property: stdClass::$type in C:\dev\psjumc\wp-content\themes\kma-slim\vendor\kerigansolutions\fb-autoblog-wp\src\Post.php on line 18
[18-Mar-2021 18:03:43 UTC] PHP Notice:  Undefined property: stdClass::$type in C:\dev\psjumc\wp-content\themes\kma-slim\vendor\kerigansolutions\fb-autoblog-wp\src\Post.php on line 25
[18-Mar-2021 18:03:43 UTC] PHP Notice:  Undefined property: stdClass::$type in C:\dev\psjumc\wp-content\themes\kma-slim\vendor\kerigansolutions\fb-autoblog-wp\src\Post.php on line 18
[18-Mar-2021 18:03:43 UTC] PHP Notice:  Undefined property: stdClass::$type in C:\dev\psjumc\wp-content\themes\kma-slim\vendor\kerigansolutions\fb-autoblog-wp\src\Post.php on line 25
[18-Mar-2021 18:03:43 UTC] PHP Notice:  Undefined property: stdClass::$type in C:\dev\psjumc\wp-content\themes\kma-slim\vendor\kerigansolutions\fb-autoblog-wp\src\Post.php on line 18
[18-Mar-2021 18:03:43 UTC] PHP Notice:  Undefined property: stdClass::$type in C:\dev\psjumc\wp-content\themes\kma-slim\vendor\kerigansolutions\fb-autoblog-wp\src\Post.php on line 25
[18-Mar-2021 18:03:43 UTC] PHP Notice:  Undefined property: stdClass::$type in C:\dev\psjumc\wp-content\themes\kma-slim\vendor\kerigansolutions\fb-autoblog-wp\src\Post.php on line 18
[18-Mar-2021 18:03:43 UTC] PHP Notice:  Undefined property: stdClass::$type in C:\dev\psjumc\wp-content\themes\kma-slim\vendor\kerigansolutions\fb-autoblog-wp\src\Post.php on line 25
[18-Mar-2021 18:03:43 UTC] PHP Notice:  Undefined property: stdClass::$type in C:\dev\psjumc\wp-content\themes\kma-slim\vendor\kerigansolutions\fb-autoblog-wp\src\Post.php on line 18
[18-Mar-2021 18:03:43 UTC] PHP Notice:  Undefined property: stdClass::$type in C:\dev\psjumc\wp-content\themes\kma-slim\vendor\kerigansolutions\fb-autoblog-wp\src\Post.php on line 25
[18-Mar-2021 18:03:43 UTC] PHP Notice:  Undefined property: stdClass::$type in C:\dev\psjumc\wp-content\themes\kma-slim\inc\modules\KMAFacebook\FacebookController.php on line 227
[18-Mar-2021 18:03:43 UTC] PHP Notice:  Undefined property: stdClass::$source in C:\dev\psjumc\wp-content\themes\kma-slim\inc\modules\KMAFacebook\FacebookController.php on line 229
[18-Mar-2021 18:03:44 UTC] PHP Notice:  Undefined property: stdClass::$media in C:\dev\psjumc\wp-content\themes\kma-slim\inc\modules\KMAFacebook\FacebookController.php on line 239
[18-Mar-2021 18:03:44 UTC] PHP Notice:  Undefined property: stdClass::$type in C:\dev\psjumc\wp-content\themes\kma-slim\inc\modules\KMAFacebook\FacebookController.php on line 227
[18-Mar-2021 18:03:44 UTC] PHP Notice:  Undefined property: stdClass::$source in C:\dev\psjumc\wp-content\themes\kma-slim\inc\modules\KMAFacebook\FacebookController.php on line 229
[18-Mar-2021 18:03:45 UTC] PHP Notice:  Undefined property: stdClass::$media in C:\dev\psjumc\wp-content\themes\kma-slim\inc\modules\KMAFacebook\FacebookController.php on line 239
[18-Mar-2021 18:03:45 UTC] PHP Notice:  Undefined property: stdClass::$type in C:\dev\psjumc\wp-content\themes\kma-slim\inc\modules\KMAFacebook\FacebookController.php on line 227
[18-Mar-2021 18:03:45 UTC] PHP Notice:  Undefined property: stdClass::$source in C:\dev\psjumc\wp-content\themes\kma-slim\inc\modules\KMAFacebook\FacebookController.php on line 229
[18-Mar-2021 18:03:45 UTC] PHP Notice:  Undefined property: stdClass::$media in C:\dev\psjumc\wp-content\themes\kma-slim\inc\modules\KMAFacebook\FacebookController.php on line 239
[18-Mar-2021 18:03:45 UTC] PHP Notice:  Undefined property: stdClass::$type in C:\dev\psjumc\wp-content\themes\kma-slim\inc\modules\KMAFacebook\FacebookController.php on line 227
[18-Mar-2021 18:03:45 UTC] PHP Notice:  Undefined property: stdClass::$source in C:\dev\psjumc\wp-content\themes\kma-slim\inc\modules\KMAFacebook\FacebookController.php on line 229
[18-Mar-2021 18:03:46 UTC] PHP Notice:  Undefined property: stdClass::$media in C:\dev\psjumc\wp-content\themes\kma-slim\inc\modules\KMAFacebook\FacebookController.php on line 239
[18-Mar-2021 18:03:46 UTC] PHP Notice:  Undefined property: stdClass::$type in C:\dev\psjumc\wp-content\themes\kma-slim\inc\modules\KMAFacebook\FacebookController.php on line 227
[18-Mar-2021 18:03:46 UTC] PHP Notice:  Undefined property: stdClass::$media in C:\dev\psjumc\wp-content\themes\kma-slim\inc\modules\KMAFacebook\FacebookController.php on line 239
[18-Mar-2021 18:03:46 UTC] PHP Notice:  Undefined property: stdClass::$type in C:\dev\psjumc\wp-content\themes\kma-slim\inc\modules\KMAFacebook\FacebookController.php on line 227
[18-Mar-2021 18:03:46 UTC] PHP Notice:  Undefined property: stdClass::$source in C:\dev\psjumc\wp-content\themes\kma-slim\inc\modules\KMAFacebook\FacebookController.php on line 229
[18-Mar-2021 18:03:47 UTC] PHP Notice:  Undefined property: stdClass::$media in C:\dev\psjumc\wp-content\themes\kma-slim\inc\modules\KMAFacebook\FacebookController.php on line 239
[18-Mar-2021 18:03:47 UTC] PHP Notice:  Undefined property: stdClass::$type in C:\dev\psjumc\wp-content\themes\kma-slim\inc\modules\KMAFacebook\FacebookController.php on line 227
[18-Mar-2021 18:03:47 UTC] PHP Notice:  Undefined property: stdClass::$source in C:\dev\psjumc\wp-content\themes\kma-slim\inc\modules\KMAFacebook\FacebookController.php on line 229
[18-Mar-2021 18:03:47 UTC] PHP Notice:  Undefined property: stdClass::$media in C:\dev\psjumc\wp-content\themes\kma-slim\inc\modules\KMAFacebook\FacebookController.php on line 239
[18-Mar-2021 18:03:47 UTC] PHP Notice:  Undefined property: stdClass::$type in C:\dev\psjumc\wp-content\themes\kma-slim\inc\modules\KMAFacebook\FacebookController.php on line 227
[18-Mar-2021 18:03:47 UTC] PHP Notice:  Undefined property: stdClass::$source in C:\dev\psjumc\wp-content\themes\kma-slim\inc\modules\KMAFacebook\FacebookController.php on line 229
[18-Mar-2021 18:03:48 UTC] PHP Notice:  Undefined property: stdClass::$media in C:\dev\psjumc\wp-content\themes\kma-slim\inc\modules\KMAFacebook\FacebookController.php on line 239
[18-Mar-2021 18:03:48 UTC] PHP Notice:  Undefined property: stdClass::$type in C:\dev\psjumc\wp-content\themes\kma-slim\inc\modules\KMAFacebook\FacebookController.php on line 227
[18-Mar-2021 18:03:48 UTC] PHP Notice:  Undefined property: stdClass::$source in C:\dev\psjumc\wp-content\themes\kma-slim\inc\modules\KMAFacebook\FacebookController.php on line 229
[18-Mar-2021 18:03:48 UTC] PHP Notice:  Undefined property: stdClass::$media in C:\dev\psjumc\wp-content\themes\kma-slim\inc\modules\KMAFacebook\FacebookController.php on line 239
[18-Mar-2021 18:03:48 UTC] PHP Notice:  Undefined property: stdClass::$type in C:\dev\psjumc\wp-content\themes\kma-slim\inc\modules\KMAFacebook\FacebookController.php on line 227
[18-Mar-2021 18:03:48 UTC] PHP Notice:  Undefined property: stdClass::$source in C:\dev\psjumc\wp-content\themes\kma-slim\inc\modules\KMAFacebook\FacebookController.php on line 229
[18-Mar-2021 18:03:48 UTC] PHP Notice:  Undefined property: stdClass::$media in C:\dev\psjumc\wp-content\themes\kma-slim\inc\modules\KMAFacebook\FacebookController.php on line 239
[18-Mar-2021 18:03:49 UTC] PHP Notice:  Undefined property: stdClass::$type in C:\dev\psjumc\wp-content\themes\kma-slim\inc\modules\KMAFacebook\FacebookController.php on line 227
[18-Mar-2021 18:03:49 UTC] PHP Notice:  Undefined property: stdClass::$source in C:\dev\psjumc\wp-content\themes\kma-slim\inc\modules\KMAFacebook\FacebookController.php on line 229
[18-Mar-2021 18:03:49 UTC] PHP Notice:  Undefined property: stdClass::$media in C:\dev\psjumc\wp-content\themes\kma-slim\inc\modules\KMAFacebook\FacebookController.php on line 239
[18-Mar-2021 18:03:49 UTC] PHP Notice:  Undefined property: stdClass::$type in C:\dev\psjumc\wp-content\themes\kma-slim\inc\modules\KMAFacebook\FacebookController.php on line 227
[18-Mar-2021 18:03:49 UTC] PHP Notice:  Undefined property: stdClass::$source in C:\dev\psjumc\wp-content\themes\kma-slim\inc\modules\KMAFacebook\FacebookController.php on line 229
[18-Mar-2021 18:03:49 UTC] PHP Notice:  Undefined property: stdClass::$media in C:\dev\psjumc\wp-content\themes\kma-slim\inc\modules\KMAFacebook\FacebookController.php on line 239
[18-Mar-2021 18:03:50 UTC] PHP Notice:  Undefined property: stdClass::$type in C:\dev\psjumc\wp-content\themes\kma-slim\inc\modules\KMAFacebook\FacebookController.php on line 227
[18-Mar-2021 18:03:50 UTC] PHP Notice:  Undefined property: stdClass::$source in C:\dev\psjumc\wp-content\themes\kma-slim\inc\modules\KMAFacebook\FacebookController.php on line 229
[18-Mar-2021 18:03:50 UTC] PHP Notice:  Undefined property: stdClass::$media in C:\dev\psjumc\wp-content\themes\kma-slim\inc\modules\KMAFacebook\FacebookController.php on line 239
[18-Mar-2021 18:03:50 UTC] PHP Notice:  Undefined property: stdClass::$type in C:\dev\psjumc\wp-content\themes\kma-slim\inc\modules\KMAFacebook\FacebookController.php on line 227
[18-Mar-2021 18:03:50 UTC] PHP Notice:  Undefined property: stdClass::$source in C:\dev\psjumc\wp-content\themes\kma-slim\inc\modules\KMAFacebook\FacebookController.php on line 229
[18-Mar-2021 18:03:51 UTC] PHP Notice:  Undefined property: stdClass::$media in C:\dev\psjumc\wp-content\themes\kma-slim\inc\modules\KMAFacebook\FacebookController.php on line 239
[18-Mar-2021 18:03:51 UTC] PHP Notice:  Undefined property: stdClass::$type in C:\dev\psjumc\wp-content\themes\kma-slim\inc\modules\KMAFacebook\FacebookController.php on line 227
[18-Mar-2021 18:03:51 UTC] PHP Notice:  Undefined property: stdClass::$source in C:\dev\psjumc\wp-content\themes\kma-slim\inc\modules\KMAFacebook\FacebookController.php on line 229
[18-Mar-2021 18:03:51 UTC] PHP Notice:  Undefined property: stdClass::$media in C:\dev\psjumc\wp-content\themes\kma-slim\inc\modules\KMAFacebook\FacebookController.php on line 239
[18-Mar-2021 18:03:51 UTC] PHP Notice:  Undefined property: stdClass::$type in C:\dev\psjumc\wp-content\themes\kma-slim\inc\modules\KMAFacebook\FacebookController.php on line 227
[18-Mar-2021 18:03:51 UTC] PHP Notice:  Undefined property: stdClass::$source in C:\dev\psjumc\wp-content\themes\kma-slim\inc\modules\KMAFacebook\FacebookController.php on line 229
[18-Mar-2021 18:03:52 UTC] PHP Notice:  Undefined property: stdClass::$media in C:\dev\psjumc\wp-content\themes\kma-slim\inc\modules\KMAFacebook\FacebookController.php on line 239
[18-Mar-2021 18:03:52 UTC] PHP Notice:  Undefined property: stdClass::$type in C:\dev\psjumc\wp-content\themes\kma-slim\inc\modules\KMAFacebook\FacebookController.php on line 227
[18-Mar-2021 18:03:52 UTC] PHP Notice:  Undefined property: stdClass::$source in C:\dev\psjumc\wp-content\themes\kma-slim\inc\modules\KMAFacebook\FacebookController.php on line 229
[18-Mar-2021 18:03:53 UTC] PHP Notice:  Undefined property: stdClass::$media in C:\dev\psjumc\wp-content\themes\kma-slim\inc\modules\KMAFacebook\FacebookController.php on line 239
[18-Mar-2021 18:03:54 UTC] PHP Notice:  Undefined property: stdClass::$type in C:\dev\psjumc\wp-content\themes\kma-slim\inc\modules\KMAFacebook\FacebookController.php on line 227
[18-Mar-2021 18:03:54 UTC] PHP Notice:  Undefined property: stdClass::$source in C:\dev\psjumc\wp-content\themes\kma-slim\inc\modules\KMAFacebook\FacebookController.php on line 229
[18-Mar-2021 18:03:54 UTC] PHP Notice:  Undefined property: stdClass::$media in C:\dev\psjumc\wp-content\themes\kma-slim\inc\modules\KMAFacebook\FacebookController.php on line 239
[18-Mar-2021 18:03:54 UTC] PHP Notice:  Undefined property: stdClass::$type in C:\dev\psjumc\wp-content\themes\kma-slim\inc\modules\KMAFacebook\FacebookController.php on line 227
[18-Mar-2021 18:03:54 UTC] PHP Notice:  Undefined property: stdClass::$source in C:\dev\psjumc\wp-content\themes\kma-slim\inc\modules\KMAFacebook\FacebookController.php on line 229
[18-Mar-2021 18:03:55 UTC] PHP Notice:  Undefined property: stdClass::$media in C:\dev\psjumc\wp-content\themes\kma-slim\inc\modules\KMAFacebook\FacebookController.php on line 239
[18-Mar-2021 18:03:55 UTC] PHP Notice:  Undefined property: stdClass::$type in C:\dev\psjumc\wp-content\themes\kma-slim\inc\modules\KMAFacebook\FacebookController.php on line 227
[18-Mar-2021 18:03:55 UTC] PHP Notice:  Undefined property: stdClass::$source in C:\dev\psjumc\wp-content\themes\kma-slim\inc\modules\KMAFacebook\FacebookController.php on line 229
[18-Mar-2021 18:03:55 UTC] PHP Notice:  Undefined property: stdClass::$media in C:\dev\psjumc\wp-content\themes\kma-slim\inc\modules\KMAFacebook\FacebookController.php on line 239
[18-Mar-2021 18:03:56 UTC] PHP Notice:  Undefined property: stdClass::$type in C:\dev\psjumc\wp-content\themes\kma-slim\inc\modules\KMAFacebook\FacebookController.php on line 227
[18-Mar-2021 18:03:56 UTC] PHP Notice:  Undefined property: stdClass::$source in C:\dev\psjumc\wp-content\themes\kma-slim\inc\modules\KMAFacebook\FacebookController.php on line 229
[18-Mar-2021 18:03:56 UTC] PHP Notice:  Undefined property: stdClass::$media in C:\dev\psjumc\wp-content\themes\kma-slim\inc\modules\KMAFacebook\FacebookController.php on line 239
[18-Mar-2021 18:03:56 UTC] PHP Notice:  Undefined property: stdClass::$type in C:\dev\psjumc\wp-content\themes\kma-slim\inc\modules\KMAFacebook\FacebookController.php on line 227
[18-Mar-2021 18:03:56 UTC] PHP Notice:  Undefined property: stdClass::$source in C:\dev\psjumc\wp-content\themes\kma-slim\inc\modules\KMAFacebook\FacebookController.php on line 229
[18-Mar-2021 18:03:57 UTC] PHP Notice:  Undefined property: stdClass::$media in C:\dev\psjumc\wp-content\themes\kma-slim\inc\modules\KMAFacebook\FacebookController.php on line 239
[18-Mar-2021 18:03:57 UTC] PHP Notice:  Undefined property: stdClass::$type in C:\dev\psjumc\wp-content\themes\kma-slim\inc\modules\KMAFacebook\FacebookController.php on line 227
[18-Mar-2021 18:03:57 UTC] PHP Notice:  Undefined property: stdClass::$source in C:\dev\psjumc\wp-content\themes\kma-slim\inc\modules\KMAFacebook\FacebookController.php on line 229
[18-Mar-2021 18:03:57 UTC] PHP Notice:  Undefined property: stdClass::$media in C:\dev\psjumc\wp-content\themes\kma-slim\inc\modules\KMAFacebook\FacebookController.php on line 239
[18-Mar-2021 18:03:58 UTC] PHP Notice:  Undefined property: stdClass::$type in C:\dev\psjumc\wp-content\themes\kma-slim\inc\modules\KMAFacebook\FacebookController.php on line 227
[18-Mar-2021 18:03:58 UTC] PHP Notice:  Undefined property: stdClass::$source in C:\dev\psjumc\wp-content\themes\kma-slim\inc\modules\KMAFacebook\FacebookController.php on line 229
[18-Mar-2021 18:03:58 UTC] PHP Notice:  Undefined property: stdClass::$media in C:\dev\psjumc\wp-content\themes\kma-slim\inc\modules\KMAFacebook\FacebookController.php on line 239
[18-Mar-2021 18:03:58 UTC] PHP Notice:  Undefined property: stdClass::$type in C:\dev\psjumc\wp-content\themes\kma-slim\inc\modules\KMAFacebook\FacebookController.php on line 227
[18-Mar-2021 18:03:58 UTC] PHP Notice:  Undefined property: stdClass::$source in C:\dev\psjumc\wp-content\themes\kma-slim\inc\modules\KMAFacebook\FacebookController.php on line 229
[18-Mar-2021 18:03:59 UTC] PHP Notice:  Undefined property: stdClass::$media in C:\dev\psjumc\wp-content\themes\kma-slim\inc\modules\KMAFacebook\FacebookController.php on line 239
[18-Mar-2021 18:03:59 UTC] PHP Notice:  Undefined property: stdClass::$type in C:\dev\psjumc\wp-content\themes\kma-slim\inc\modules\KMAFacebook\FacebookController.php on line 227
[18-Mar-2021 18:03:59 UTC] PHP Notice:  Undefined property: stdClass::$source in C:\dev\psjumc\wp-content\themes\kma-slim\inc\modules\KMAFacebook\FacebookController.php on line 229
[18-Mar-2021 18:04:00 UTC] PHP Notice:  Undefined property: stdClass::$media in C:\dev\psjumc\wp-content\themes\kma-slim\inc\modules\KMAFacebook\FacebookController.php on line 239
[18-Mar-2021 18:04:01 UTC] PHP Notice:  Undefined property: stdClass::$type in C:\dev\psjumc\wp-content\themes\kma-slim\inc\modules\KMAFacebook\FacebookController.php on line 227
[18-Mar-2021 18:04:01 UTC] PHP Notice:  Undefined property: stdClass::$source in C:\dev\psjumc\wp-content\themes\kma-slim\inc\modules\KMAFacebook\FacebookController.php on line 229
[18-Mar-2021 18:04:01 UTC] PHP Notice:  Undefined property: stdClass::$media in C:\dev\psjumc\wp-content\themes\kma-slim\inc\modules\KMAFacebook\FacebookController.php on line 239
[18-Mar-2021 18:04:01 UTC] PHP Notice:  Undefined property: stdClass::$type in C:\dev\psjumc\wp-content\themes\kma-slim\inc\modules\KMAFacebook\FacebookController.php on line 227
[18-Mar-2021 18:04:01 UTC] PHP Notice:  Undefined property: stdClass::$source in C:\dev\psjumc\wp-content\themes\kma-slim\inc\modules\KMAFacebook\FacebookController.php on line 229
[18-Mar-2021 18:04:02 UTC] PHP Notice:  Undefined property: stdClass::$media in C:\dev\psjumc\wp-content\themes\kma-slim\inc\modules\KMAFacebook\FacebookController.php on line 239
[18-Mar-2021 18:04:02 UTC] PHP Notice:  Undefined property: stdClass::$type in C:\dev\psjumc\wp-content\themes\kma-slim\inc\modules\KMAFacebook\FacebookController.php on line 227
[18-Mar-2021 18:04:02 UTC] PHP Notice:  Undefined property: stdClass::$source in C:\dev\psjumc\wp-content\themes\kma-slim\inc\modules\KMAFacebook\FacebookController.php on line 229
[18-Mar-2021 18:04:02 UTC] PHP Notice:  Undefined property: stdClass::$media in C:\dev\psjumc\wp-content\themes\kma-slim\inc\modules\KMAFacebook\FacebookController.php on line 239
[18-Mar-2021 18:04:02 UTC] PHP Notice:  Undefined property: stdClass::$type in C:\dev\psjumc\wp-content\themes\kma-slim\inc\modules\KMAFacebook\FacebookController.php on line 227
[18-Mar-2021 18:04:02 UTC] PHP Notice:  Undefined property: stdClass::$source in C:\dev\psjumc\wp-content\themes\kma-slim\inc\modules\KMAFacebook\FacebookController.php on line 229
[18-Mar-2021 18:04:03 UTC] PHP Notice:  Undefined property: stdClass::$media in C:\dev\psjumc\wp-content\themes\kma-slim\inc\modules\KMAFacebook\FacebookController.php on line 239
[18-Mar-2021 18:04:15 UTC] PHP Parse error:  syntax error, unexpected '<', expecting end of file in C:\dev\psjumc\wp-content\themes\kma-slim\template-parts\content-online-sermons.php on line 50
[18-Mar-2021 18:04:34 UTC] PHP Parse error:  syntax error, unexpected 'echo' (T_ECHO) in C:\dev\psjumc\wp-content\themes\kma-slim\template-parts\content-online-sermons.php on line 50
[18-Mar-2021 18:05:27 UTC] PHP Parse error:  syntax error, unexpected '<' in C:\dev\psjumc\wp-content\themes\kma-slim\template-parts\content-online-sermons.php on line 50
[18-Mar-2021 18:17:13 UTC] PHP Parse error:  syntax error, unexpected 'else' (T_ELSE) in C:\dev\psjumc\wp-content\themes\kma-slim\template-parts\content-online-sermons.php on line 50
[18-Mar-2021 18:18:20 UTC] PHP Parse error:  syntax error, unexpected 'else' (T_ELSE) in C:\dev\psjumc\wp-content\themes\kma-slim\template-parts\content-online-sermons.php on line 50
[18-Mar-2021 18:26:16 UTC] PHP Parse error:  syntax error, unexpected 'else' (T_ELSE) in C:\dev\psjumc\wp-content\themes\kma-slim\template-parts\content-online-sermons.php on line 60
[18-Mar-2021 18:30:57 UTC] PHP Parse error:  syntax error, unexpected 'else' (T_ELSE) in C:\dev\psjumc\wp-content\themes\kma-slim\template-parts\content-online-sermons.php on line 49
[18-Mar-2021 18:35:43 UTC] PHP Parse error:  syntax error, unexpected '<', expecting end of file in C:\dev\psjumc\wp-content\themes\kma-slim\template-parts\content-online-sermons.php on line 45
[18-Mar-2021 18:36:47 UTC] PHP Parse error:  syntax error, unexpected '}', expecting end of file in C:\dev\psjumc\wp-content\themes\kma-slim\template-parts\content-online-sermons.php on line 49
[18-Mar-2021 18:39:16 UTC] PHP Parse error:  syntax error, unexpected end of file in C:\dev\psjumc\wp-content\themes\kma-slim\template-parts\content-online-sermons.php on line 68
[18-Mar-2021 18:39:37 UTC] PHP Notice:  Undefined index: data in C:\dev\psjumc\wp-content\themes\kma-slim\template-parts\content-online-sermons.php on line 42
[18-Mar-2021 18:39:37 UTC] PHP Warning:  Invalid argument supplied for foreach() in C:\dev\psjumc\wp-content\themes\kma-slim\template-parts\content-online-sermons.php on line 42
[18-Mar-2021 18:42:05 UTC] PHP Notice:  Undefined index: data in C:\dev\psjumc\wp-content\themes\kma-slim\template-parts\content-online-sermons.php on line 42
[18-Mar-2021 18:42:05 UTC] PHP Warning:  Invalid argument supplied for foreach() in C:\dev\psjumc\wp-content\themes\kma-slim\template-parts\content-online-sermons.php on line 42
